# JRE version: OpenJDK Runtime Environment (11.0.4+10) (build 11.0.4+10-b520.11)
# Java VM: OpenJDK 64-Bit Server VM (11.0.4+10-b520.11, mixed mode, tiered, compressed oops, g1 gc, windows-amd64)
Heap:
 garbage-first heap   total 126976K, used 9594K [0x0000000084200000, 0x0000000100000000)
  region size 1024K, 4 young (4096K), 2 survivors (2048K)
 Metaspace       used 29668K, capacity 30148K, committed 30336K, reserved 1077248K
  class space    used 2234K, capacity 2394K, committed 2432K, reserved 1048576K
GC Heap History (10 events):
Event: 275.184 GC heap before
{Heap before GC invocations=25 (full 0):
 garbage-first heap   total 126976K, used 82090K [0x0000000084200000, 0x0000000100000000)
  region size 1024K, 74 young (75776K), 2 survivors (2048K)
 Metaspace       used 29650K, capacity 30084K, committed 30336K, reserved 1077248K
  class space    used 2233K, capacity 2394K, committed 2432K, reserved 1048576K
}
Event: 275.192 GC heap after
{Heap after GC invocations=26 (full 0):
 garbage-first heap   total 126976K, used 8393K [0x0000000084200000, 0x0000000100000000)
  region size 1024K, 2 young (2048K), 2 survivors (2048K)
 Metaspace       used 29650K, capacity 30084K, committed 30336K, reserved 1077248K
  class space    used 2233K, capacity 2394K, committed 2432K, reserved 1048576K
}
Event: 287.597 GC heap before
{Heap before GC invocations=26 (full 0):
 garbage-first heap   total 126976K, used 82121K [0x0000000084200000, 0x0000000100000000)
  region size 1024K, 74 young (75776K), 2 survivors (2048K)
 Metaspace       used 29650K, capacity 30084K, committed 30336K, reserved 1077248K
  class space    used 2233K, capacity 2394K, committed 2432K, reserved 1048576K
}
Event: 287.608 GC heap after
{Heap after GC invocations=27 (full 0):
 garbage-first heap   total 126976K, used 8458K [0x0000000084200000, 0x0000000100000000)
  region size 1024K, 2 young (2048K), 2 survivors (2048K)
 Metaspace       used 29650K, capacity 30084K, committed 30336K, reserved 1077248K
  class space    used 2233K, capacity 2394K, committed 2432K, reserved 1048576K
}
Event: 299.959 GC heap before
{Heap before GC invocations=27 (full 0):
 garbage-first heap   total 126976K, used 82186K [0x0000000084200000, 0x0000000100000000)
  region size 1024K, 74 young (75776K), 2 survivors (2048K)
 Metaspace       used 29650K, capacity 30084K, committed 30336K, reserved 1077248K
  class space    used 2233K, capacity 2394K, committed 2432K, reserved 1048576K
}
Event: 299.966 GC heap after
{Heap after GC invocations=28 (full 0):
 garbage-first heap   total 126976K, used 8585K [0x0000000084200000, 0x0000000100000000)
  region size 1024K, 2 young (2048K), 2 survivors (2048K)
 Metaspace       used 29650K, capacity 30084K, committed 30336K, reserved 1077248K
  class space    used 2233K, capacity 2394K, committed 2432K, reserved 1048576K
}
Event: 312.288 GC heap before
{Heap before GC invocations=28 (full 0):
 garbage-first heap   total 126976K, used 82313K [0x0000000084200000, 0x0000000100000000)
  region size 1024K, 74 young (75776K), 2 survivors (2048K)
 Metaspace       used 29650K, capacity 30084K, committed 30336K, reserved 1077248K
  class space    used 2233K, capacity 2394K, committed 2432K, reserved 1048576K
}
Event: 312.296 GC heap after
{Heap after GC invocations=29 (full 0):
 garbage-first heap   total 126976K, used 8612K [0x0000000084200000, 0x0000000100000000)
  region size 1024K, 2 young (2048K), 2 survivors (2048K)
 Metaspace       used 29650K, capacity 30084K, committed 30336K, reserved 1077248K
  class space    used 2233K, capacity 2394K, committed 2432K, reserved 1048576K
}
Event: 324.701 GC heap before
{Heap before GC invocations=29 (full 0):
 garbage-first heap   total 126976K, used 82340K [0x0000000084200000, 0x0000000100000000)
  region size 1024K, 74 young (75776K), 2 survivors (2048K)
 Metaspace       used 29650K, capacity 30084K, committed 30336K, reserved 1077248K
  class space    used 2233K, capacity 2394K, committed 2432K, reserved 1048576K
}
Event: 324.714 GC heap after
{Heap after GC invocations=30 (full 0):
 garbage-first heap   total 126976K, used 8673K [0x0000000084200000, 0x0000000100000000)
  region size 1024K, 2 young (2048K), 2 survivors (2048K)
 Metaspace       used 29650K, capacity 30084K, committed 30336K, reserved 1077248K
  class space    used 2233K, capacity 2394K, committed 2432K, reserved 1048576K
}

